Using pre-set license
Built from '2021.3/staging' branch; Version is '2021.3.9f1 (ad3870b89536) revision 11352176'; Using compiler version '192829333'; Build Type 'Release'
OS: 'Windows 10  (10.0.19044) 64bit CoreSingleLanguage' Language: 'en' Physical Memory: 8029 MB
BatchMode: 1, IsHumanControllingUs: 0, StartBugReporterOnCrash: 0, Is64bit: 1, IsPro: 1

COMMAND LINE ARGUMENTS:
C:\Program Files\Unity\Hub\Editor\2021.3.9f1\Editor\Unity.exe
-adb2
-batchMode
-noUpm
-name
AssetImportWorker0
-projectPath
D:/Kevin/Kuliah/Code/UPNVJ AR Navigation
-logFile
Logs/AssetImportWorker0.log
-srvPort
64044
Successfully changed project path to: D:/Kevin/Kuliah/Code/UPNVJ AR Navigation
D:/Kevin/Kuliah/Code/UPNVJ AR Navigation
[UnityMemory] Configuration Parameters - Can be set up in boot.config
    "memorysetup-bucket-allocator-granularity=16"
    "memorysetup-bucket-allocator-bucket-count=8"
    "memorysetup-bucket-allocator-block-size=33554432"
    "memorysetup-bucket-allocator-block-count=8"
    "memorysetup-main-allocator-block-size=16777216"
    "memorysetup-thread-allocator-block-size=16777216"
    "memorysetup-gfx-main-allocator-block-size=16777216"
    "memorysetup-gfx-thread-allocator-block-size=16777216"
    "memorysetup-cache-allocator-block-size=4194304"
    "memorysetup-typetree-allocator-block-size=2097152"
    "memorysetup-profiler-bucket-allocator-granularity=16"
    "memorysetup-profiler-bucket-allocator-bucket-count=8"
    "memorysetup-profiler-bucket-allocator-block-size=33554432"
    "memorysetup-profiler-bucket-allocator-block-count=8"
    "memorysetup-profiler-allocator-block-size=16777216"
    "memorysetup-profiler-editor-allocator-block-size=1048576"
    "memorysetup-temp-allocator-size-main=16777216"
    "memorysetup-job-temp-allocator-block-size=2097152"
    "memorysetup-job-temp-allocator-block-size-background=1048576"
    "memorysetup-job-temp-allocator-reduction-small-platforms=262144"
    "memorysetup-temp-allocator-size-background-worker=32768"
    "memorysetup-temp-allocator-size-job-worker=262144"
    "memorysetup-temp-allocator-size-preload-manager=33554432"
    "memorysetup-temp-allocator-size-nav-mesh-worker=65536"
    "memorysetup-temp-allocator-size-audio-worker=65536"
    "memorysetup-temp-allocator-size-cloud-worker=32768"
    "memorysetup-temp-allocator-size-gi-baking-worker=262144"
    "memorysetup-temp-allocator-size-gfx=262144"
Refreshing native plugins compatible for Editor in 135.40 ms, found 3 plugins.
Preloading 0 native plugins for Editor in 0.00 ms.
Initialize engine version: 2021.3.9f1 (ad3870b89536)
[Subsystems] Discovering subsystems at path C:/Program Files/Unity/Hub/Editor/2021.3.9f1/Editor/Data/Resources/UnitySubsystems
[Subsystems] Discovering subsystems at path D:/Kevin/Kuliah/Code/UPNVJ AR Navigation/Assets
GfxDevice: creating device client; threaded=0; jobified=0
Direct3D:
    Version:  Direct3D 11.0 [level 11.1]
    Renderer: NVIDIA GeForce GTX 1650 (ID=0x1f99)
    Vendor:   NVIDIA
    VRAM:     3962 MB
    Driver:   31.0.15.1691
Initialize mono
Mono path[0] = 'C:/Program Files/Unity/Hub/Editor/2021.3.9f1/Editor/Data/Managed'
Mono path[1] = 'C:/Program Files/Unity/Hub/Editor/2021.3.9f1/Editor/Data/MonoBleedingEdge/lib/mono/unityjit-win32'
Mono config path = 'C:/Program Files/Unity/Hub/Editor/2021.3.9f1/Editor/Data/MonoBleedingEdge/etc'
Using monoOptions --debugger-agent=transport=dt_socket,embedding=1,server=y,suspend=n,address=127.0.0.1:56032
Begin MonoManager ReloadAssembly
Registering precompiled unity dll's ...
Register platform support module: C:/Program Files/Unity/Hub/Editor/2021.3.9f1/Editor/Data/PlaybackEngines/AndroidPlayer/UnityEditor.Android.Extensions.dll
Register platform support module: C:/Program Files/Unity/Hub/Editor/2021.3.9f1/Editor/Data/PlaybackEngines/WindowsStandaloneSupport/UnityEditor.WindowsStandalone.Extensions.dll
Registered in 0.016493 seconds.
Native extension for WindowsStandalone target not found
Native extension for Android target not found
Refreshing native plugins compatible for Editor in 128.53 ms, found 3 plugins.
Preloading 0 native plugins for Editor in 0.00 ms.
Mono: successfully reloaded assembly
- Completed reload, in  1.061 seconds
Domain Reload Profiling:
	ReloadAssembly (1062ms)
		BeginReloadAssembly (125ms)
			ExecutionOrderSort (0ms)
			DisableScriptedObjects (0ms)
			BackupInstance (0ms)
			ReleaseScriptingObjects (0ms)
			CreateAndSetChildDomain (1ms)
		EndReloadAssembly (740ms)
			LoadAssemblies (121ms)
			RebuildTransferFunctionScriptingTraits (0ms)
			SetupTypeCache (175ms)
			ReleaseScriptCaches (0ms)
			RebuildScriptCaches (41ms)
			SetupLoadedEditorAssemblies (441ms)
				LogAssemblyErrors (0ms)
				InitializePlatformSupportModulesInManaged (90ms)
				SetLoadedEditorAssemblies (0ms)
				RefreshPlugins (129ms)
				BeforeProcessingInitializeOnLoad (5ms)
				ProcessInitializeOnLoadAttributes (151ms)
				ProcessInitializeOnLoadMethodAttributes (66ms)
				AfterProcessingInitializeOnLoad (0ms)
				EditorAssembliesLoaded (0ms)
			ExecutionOrderSort2 (0ms)
			AwakeInstancesAfterBackupRestoration (0ms)
Platform modules already initialized, skipping
Registering precompiled user dll's ...
Registered in 0.006026 seconds.
Begin MonoManager ReloadAssembly
Symbol file LoadedFromMemory doesn't match image D:\Kevin\Kuliah\Code\UPNVJ AR Navigation\Library\PackageCache\com.unity.visualscripting@1.7.8\Editor\VisualScripting.Core\Dependencies\YamlDotNet\Unity.VisualScripting.YamlDotNet.dll
Symbol file LoadedFromMemory doesn't match image D:\Kevin\Kuliah\Code\UPNVJ AR Navigation\Library\PackageCache\com.unity.visualscripting@1.7.8\Editor\VisualScripting.Core\Dependencies\DotNetZip\Unity.VisualScripting.IonicZip.dll
Native extension for WindowsStandalone target not found
Native extension for Android target not found
Refreshing native plugins compatible for Editor in 1.04 ms, found 3 plugins.
Preloading 0 native plugins for Editor in 0.00 ms.
Mono: successfully reloaded assembly
- Completed reload, in  1.686 seconds
Domain Reload Profiling:
	ReloadAssembly (1687ms)
		BeginReloadAssembly (293ms)
			ExecutionOrderSort (0ms)
			DisableScriptedObjects (12ms)
			BackupInstance (0ms)
			ReleaseScriptingObjects (0ms)
			CreateAndSetChildDomain (131ms)
		EndReloadAssembly (1201ms)
			LoadAssemblies (133ms)
			RebuildTransferFunctionScriptingTraits (0ms)
			SetupTypeCache (404ms)
			ReleaseScriptCaches (1ms)
			RebuildScriptCaches (78ms)
			SetupLoadedEditorAssemblies (542ms)
				LogAssemblyErrors (0ms)
				InitializePlatformSupportModulesInManaged (23ms)
				SetLoadedEditorAssemblies (1ms)
				RefreshPlugins (1ms)
				BeforeProcessingInitializeOnLoad (128ms)
				ProcessInitializeOnLoadAttributes (334ms)
				ProcessInitializeOnLoadMethodAttributes (41ms)
				AfterProcessingInitializeOnLoad (15ms)
				EditorAssembliesLoaded (0ms)
			ExecutionOrderSort2 (0ms)
			AwakeInstancesAfterBackupRestoration (8ms)
Platform modules already initialized, skipping
========================================================================
Worker process is ready to serve import requests
Launched and connected shader compiler UnityShaderCompiler.exe after 0.06 seconds
Refreshing native plugins compatible for Editor in 1.50 ms, found 3 plugins.
Preloading 0 native plugins for Editor in 0.00 ms.
Unloading 3424 Unused Serialized files (Serialized files now loaded: 0)
Unloading 48 unused Assets / (111.6 KB). Loaded Objects now: 3864.
Memory consumption went from 119.9 MB to 119.8 MB.
Total: 6.351000 ms (FindLiveObjects: 0.539400 ms CreateObjectMapping: 0.485700 ms MarkObjects: 5.117300 ms  DeleteObjects: 0.207200 ms)

AssetImportParameters requested are different than current active one (requested -> active):
  custom:video-decoder-ogg-theora: a1e56fd34408186e4bbccfd4996cb3dc -> 
  custom:container-muxer-webm: aa71ff27fc2769a1b78a27578f13a17b -> 
  custom:container-demuxer-webm: 4f35f7cbe854078d1ac9338744f61a02 -> 
  custom:video-encoder-webm-vp8: eb34c28f22e8b96e1ab97ce403110664 -> 
  custom:video-codec-MediaFoundation-h265: 746d11721c4dcdbdad8f713fa42b33f4 -> 
  custom:audio-encoder-webm-vorbis: bf7c407c2cedff20999df2af8eb42d56 -> 
  custom:framework-win-MediaFoundation: 216162199b28c13a410421893ffa2e32 -> 
  custom:container-demuxer-ogg: 62fdf1f143b41e24485cea50d1cbac27 -> 
  custom:video-decoder-webm-vp8: 9c59270c3fd7afecdb556c50c9e8de78 -> 
  custom:audio-decoder-ogg-vorbis: bf7c407c2cedff20999df2af8eb42d56 -> 
========================================================================
Received Import Request.
  Time since last request: 39996.465009 seconds.
  path: Assets/Scenes/Kos.unity
  artifactKey: Guid(acecca791a98f5e459ecb78ffd251cd7) Importer(815301076,1909f56bfc062723c751e8b465ee728b)
Start importing Assets/Scenes/Kos.unity using Guid(acecca791a98f5e459ecb78ffd251cd7) Importer(815301076,1909f56bfc062723c751e8b465ee728b)  -> (artifact id: 'edc7c16f2e4051f38794ca46b1758c09') in 0.021005 seconds 
========================================================================
Received Import Request.
  Time since last request: 373.629559 seconds.
  path: Assets/Plugins/Android/native-toolkit.aar
  artifactKey: Guid(b4e7dbd11d398bc44b41b3ff94355dec) Importer(815301076,1909f56bfc062723c751e8b465ee728b)
Start importing Assets/Plugins/Android/native-toolkit.aar using Guid(b4e7dbd11d398bc44b41b3ff94355dec) Importer(815301076,1909f56bfc062723c751e8b465ee728b)  -> (artifact id: 'f54febd9d5f270938b98a98713f241a1') in 0.040599 seconds 
========================================================================
Received Import Request.
  Time since last request: 1.471253 seconds.
  path: Assets/Plugins/Android/support-compat-27.1.1.aar
  artifactKey: Guid(750dbc05216efe94faca77e5a1c33a1e) Importer(815301076,1909f56bfc062723c751e8b465ee728b)
Start importing Assets/Plugins/Android/support-compat-27.1.1.aar using Guid(750dbc05216efe94faca77e5a1c33a1e) Importer(815301076,1909f56bfc062723c751e8b465ee728b)  -> (artifact id: '58bb6c39a025b63c093e542c74db2b56') in 0.007114 seconds 
========================================================================
Received Import Request.
  Time since last request: 1.503364 seconds.
  path: Assets/Plugins/Android/support-v4-27.1.1.aar
  artifactKey: Guid(f3a0512d117d36846ac7ec534cbbeb72) Importer(815301076,1909f56bfc062723c751e8b465ee728b)
Start importing Assets/Plugins/Android/support-v4-27.1.1.aar using Guid(f3a0512d117d36846ac7ec534cbbeb72) Importer(815301076,1909f56bfc062723c751e8b465ee728b)  -> (artifact id: '863469b70ce9d53dc2f8cf33adaf0ce7') in 0.008952 seconds 
========================================================================
Received Import Request.
  Time since last request: 0.595915 seconds.
  path: Assets/Plugins/Android/AndroidManifest.xml
  artifactKey: Guid(64768f270706ca84eab4abb88433f7cd) Importer(815301076,1909f56bfc062723c751e8b465ee728b)
Start importing Assets/Plugins/Android/AndroidManifest.xml using Guid(64768f270706ca84eab4abb88433f7cd) Importer(815301076,1909f56bfc062723c751e8b465ee728b)  -> (artifact id: 'd5798c535356ae9d70b1ad656360e846') in 0.034628 seconds 
========================================================================
Received Prepare
Refreshing native plugins compatible for Editor in 16.91 ms, found 3 plugins.
Preloading 0 native plugins for Editor in 0.00 ms.
Unloading 41 Unused Serialized files (Serialized files now loaded: 0)
Unloading 41 unused Assets / (76.0 KB). Loaded Objects now: 3865.
Memory consumption went from 51.0 MB to 50.9 MB.
Total: 5.690900 ms (FindLiveObjects: 0.482500 ms CreateObjectMapping: 0.352400 ms MarkObjects: 4.732200 ms  DeleteObjects: 0.122700 ms)

AssetImportParameters requested are different than current active one (requested -> active):
  custom:video-decoder-ogg-theora: a1e56fd34408186e4bbccfd4996cb3dc -> 
  custom:container-muxer-webm: aa71ff27fc2769a1b78a27578f13a17b -> 
  custom:container-demuxer-webm: 4f35f7cbe854078d1ac9338744f61a02 -> 
  custom:video-encoder-webm-vp8: eb34c28f22e8b96e1ab97ce403110664 -> 
  custom:video-codec-MediaFoundation-h265: 746d11721c4dcdbdad8f713fa42b33f4 -> 
  custom:audio-encoder-webm-vorbis: bf7c407c2cedff20999df2af8eb42d56 -> 
  custom:framework-win-MediaFoundation: 216162199b28c13a410421893ffa2e32 -> 
  custom:container-demuxer-ogg: 62fdf1f143b41e24485cea50d1cbac27 -> 
  custom:video-decoder-webm-vp8: 9c59270c3fd7afecdb556c50c9e8de78 -> 
  custom:audio-decoder-ogg-vorbis: bf7c407c2cedff20999df2af8eb42d56 -> 
========================================================================
Received Import Request.
  Time since last request: 2012.724040 seconds.
  path: Assets/Target/Target1.prefab
  artifactKey: Guid(b4bab208b802ad545a59f1b0ddb10e8b) Importer(815301076,1909f56bfc062723c751e8b465ee728b)
Start importing Assets/Target/Target1.prefab using Guid(b4bab208b802ad545a59f1b0ddb10e8b) Importer(815301076,1909f56bfc062723c751e8b465ee728b)  -> (artifact id: 'c9c7a5ed72971cc29f0a99357b336b66') in 0.197030 seconds 
========================================================================
Received Import Request.
  Time since last request: 9.864480 seconds.
  path: Assets/Target/Target1.prefab
  artifactKey: Guid(b4bab208b802ad545a59f1b0ddb10e8b) Importer(815301076,1909f56bfc062723c751e8b465ee728b)
Start importing Assets/Target/Target1.prefab using Guid(b4bab208b802ad545a59f1b0ddb10e8b) Importer(815301076,1909f56bfc062723c751e8b465ee728b)  -> (artifact id: 'bf1f02de90cfccb87e5a68f0431dba91') in 0.018928 seconds 
========================================================================
Received Import Request.
  Time since last request: 5.407044 seconds.
  path: Assets/Target/Target1.prefab
  artifactKey: Guid(b4bab208b802ad545a59f1b0ddb10e8b) Importer(815301076,1909f56bfc062723c751e8b465ee728b)
Start importing Assets/Target/Target1.prefab using Guid(b4bab208b802ad545a59f1b0ddb10e8b) Importer(815301076,1909f56bfc062723c751e8b465ee728b)  -> (artifact id: '535299003ab7c9dada04e081a9a6f74e') in 0.018985 seconds 
========================================================================
Received Import Request.
  Time since last request: 10.588135 seconds.
  path: Assets/Target/Target2.prefab
  artifactKey: Guid(6a823f3ec2c95a64682f73c335971e08) Importer(815301076,1909f56bfc062723c751e8b465ee728b)
Start importing Assets/Target/Target2.prefab using Guid(6a823f3ec2c95a64682f73c335971e08) Importer(815301076,1909f56bfc062723c751e8b465ee728b)  -> (artifact id: 'e9d8366e5434834acfde5deae1f1677e') in 0.019527 seconds 
========================================================================
Received Import Request.
  Time since last request: 1.539227 seconds.
  path: Assets/Target/Target2.prefab
  artifactKey: Guid(6a823f3ec2c95a64682f73c335971e08) Importer(815301076,1909f56bfc062723c751e8b465ee728b)
Start importing Assets/Target/Target2.prefab using Guid(6a823f3ec2c95a64682f73c335971e08) Importer(815301076,1909f56bfc062723c751e8b465ee728b)  -> (artifact id: '5fd03ef1992bec16d18eec3fec7d19bf') in 0.018864 seconds 
========================================================================
Received Import Request.
  Time since last request: 10.759869 seconds.
  path: Assets/Target/Target3.prefab
  artifactKey: Guid(55203fff0072eaa4597dd5a97a626052) Importer(815301076,1909f56bfc062723c751e8b465ee728b)
Start importing Assets/Target/Target3.prefab using Guid(55203fff0072eaa4597dd5a97a626052) Importer(815301076,1909f56bfc062723c751e8b465ee728b)  -> (artifact id: '2e410141431c8145db5cdc9ef8f4d08a') in 0.019334 seconds 
========================================================================
Received Import Request.
  Time since last request: 3.114532 seconds.
  path: Assets/Target/Target3.prefab
  artifactKey: Guid(55203fff0072eaa4597dd5a97a626052) Importer(815301076,1909f56bfc062723c751e8b465ee728b)
Start importing Assets/Target/Target3.prefab using Guid(55203fff0072eaa4597dd5a97a626052) Importer(815301076,1909f56bfc062723c751e8b465ee728b)  -> (artifact id: '943d45802667e69b15e0959ef71f42bc') in 0.017885 seconds 
========================================================================
Received Import Request.
  Time since last request: 44.818593 seconds.
  path: Assets/Target/Target4.prefab
  artifactKey: Guid(4ed5ddab1bdfa9b4da3bce415dc0043f) Importer(815301076,1909f56bfc062723c751e8b465ee728b)
Start importing Assets/Target/Target4.prefab using Guid(4ed5ddab1bdfa9b4da3bce415dc0043f) Importer(815301076,1909f56bfc062723c751e8b465ee728b)  -> (artifact id: '09829be04ad4e48883033fc9456aae91') in 0.017448 seconds 
========================================================================
Received Import Request.
  Time since last request: 3.052890 seconds.
  path: Assets/Target/Target4.prefab
  artifactKey: Guid(4ed5ddab1bdfa9b4da3bce415dc0043f) Importer(815301076,1909f56bfc062723c751e8b465ee728b)
Start importing Assets/Target/Target4.prefab using Guid(4ed5ddab1bdfa9b4da3bce415dc0043f) Importer(815301076,1909f56bfc062723c751e8b465ee728b)  -> (artifact id: '3ed447a17a7921a2e1c58b3473283a39') in 0.019230 seconds 
========================================================================
Received Import Request.
  Time since last request: 93.278652 seconds.
  path: Assets/Target/Target4.prefab
  artifactKey: Guid(4ed5ddab1bdfa9b4da3bce415dc0043f) Importer(815301076,1909f56bfc062723c751e8b465ee728b)
Start importing Assets/Target/Target4.prefab using Guid(4ed5ddab1bdfa9b4da3bce415dc0043f) Importer(815301076,1909f56bfc062723c751e8b465ee728b)  -> (artifact id: '1e10deda6a592f6379a5a65634fe476d') in 0.017757 seconds 
========================================================================
Received Import Request.
  Time since last request: 7.637238 seconds.
  path: Assets/Target/Target5.prefab
  artifactKey: Guid(d3439cb2611797048a87ed09a6bb822d) Importer(815301076,1909f56bfc062723c751e8b465ee728b)
Start importing Assets/Target/Target5.prefab using Guid(d3439cb2611797048a87ed09a6bb822d) Importer(815301076,1909f56bfc062723c751e8b465ee728b)  -> (artifact id: '415e787e428ef97b9a4bbbe97994aa07') in 0.016966 seconds 
========================================================================
Received Import Request.
  Time since last request: 3.179660 seconds.
  path: Assets/Target/Target5.prefab
  artifactKey: Guid(d3439cb2611797048a87ed09a6bb822d) Importer(815301076,1909f56bfc062723c751e8b465ee728b)
Start importing Assets/Target/Target5.prefab using Guid(d3439cb2611797048a87ed09a6bb822d) Importer(815301076,1909f56bfc062723c751e8b465ee728b)  -> (artifact id: '4f06fb2e91e52ad7fdf9f7bb8563c7e4') in 0.019671 seconds 
========================================================================
Received Import Request.
  Time since last request: 9.989384 seconds.
  path: Assets/Target/Target6.prefab
  artifactKey: Guid(2c5bf7747a803ad4fa51536839577e23) Importer(815301076,1909f56bfc062723c751e8b465ee728b)
Start importing Assets/Target/Target6.prefab using Guid(2c5bf7747a803ad4fa51536839577e23) Importer(815301076,1909f56bfc062723c751e8b465ee728b)  -> (artifact id: '542ee3f290e7c35cae1173c9a0043aba') in 0.017300 seconds 
========================================================================
Received Import Request.
  Time since last request: 3.073995 seconds.
  path: Assets/Target/Target6.prefab
  artifactKey: Guid(2c5bf7747a803ad4fa51536839577e23) Importer(815301076,1909f56bfc062723c751e8b465ee728b)
Start importing Assets/Target/Target6.prefab using Guid(2c5bf7747a803ad4fa51536839577e23) Importer(815301076,1909f56bfc062723c751e8b465ee728b)  -> (artifact id: '77c91b0e2f673bf8ad6bab86c6973211') in 0.018525 seconds 
========================================================================
Received Import Request.
  Time since last request: 8.815101 seconds.
  path: Assets/Target/Target7.prefab
  artifactKey: Guid(a860ae05d3c0eb64fa7a69f32a93d815) Importer(815301076,1909f56bfc062723c751e8b465ee728b)
Start importing Assets/Target/Target7.prefab using Guid(a860ae05d3c0eb64fa7a69f32a93d815) Importer(815301076,1909f56bfc062723c751e8b465ee728b)  -> (artifact id: '29164f0b01ba0a575a74b34235b9d70c') in 0.018907 seconds 
========================================================================
Received Import Request.
  Time since last request: 1.368304 seconds.
  path: Assets/Target/Target7.prefab
  artifactKey: Guid(a860ae05d3c0eb64fa7a69f32a93d815) Importer(815301076,1909f56bfc062723c751e8b465ee728b)
Start importing Assets/Target/Target7.prefab using Guid(a860ae05d3c0eb64fa7a69f32a93d815) Importer(815301076,1909f56bfc062723c751e8b465ee728b)  -> (artifact id: '80eb88857e73d2f4b869428a17492dc5') in 0.018711 seconds 
========================================================================
Received Import Request.
  Time since last request: 1.541210 seconds.
  path: Assets/Target/Target7.prefab
  artifactKey: Guid(a860ae05d3c0eb64fa7a69f32a93d815) Importer(815301076,1909f56bfc062723c751e8b465ee728b)
Start importing Assets/Target/Target7.prefab using Guid(a860ae05d3c0eb64fa7a69f32a93d815) Importer(815301076,1909f56bfc062723c751e8b465ee728b)  -> (artifact id: '26b4aff1c7f47b19779f7dd5386ce11f') in 0.018205 seconds 
========================================================================
Received Import Request.
  Time since last request: 6.589700 seconds.
  path: Assets/Target/Target8.prefab
  artifactKey: Guid(baa5f5fc07df7d947ab1ada4ca661b2a) Importer(815301076,1909f56bfc062723c751e8b465ee728b)
Start importing Assets/Target/Target8.prefab using Guid(baa5f5fc07df7d947ab1ada4ca661b2a) Importer(815301076,1909f56bfc062723c751e8b465ee728b)  -> (artifact id: '01c7d93d270cca4998f47b9a9c2bf15e') in 0.017496 seconds 
========================================================================
Received Import Request.
  Time since last request: 2.714647 seconds.
  path: Assets/Target/Target8.prefab
  artifactKey: Guid(baa5f5fc07df7d947ab1ada4ca661b2a) Importer(815301076,1909f56bfc062723c751e8b465ee728b)
Start importing Assets/Target/Target8.prefab using Guid(baa5f5fc07df7d947ab1ada4ca661b2a) Importer(815301076,1909f56bfc062723c751e8b465ee728b)  -> (artifact id: '144ed0ba68a7877ed57ad57b62cb5702') in 0.018439 seconds 
========================================================================
Received Import Request.
  Time since last request: 8.123436 seconds.
  path: Assets/Target/Target9.prefab
  artifactKey: Guid(734fcf57a96919d4e99a5a5352881f7e) Importer(815301076,1909f56bfc062723c751e8b465ee728b)
Start importing Assets/Target/Target9.prefab using Guid(734fcf57a96919d4e99a5a5352881f7e) Importer(815301076,1909f56bfc062723c751e8b465ee728b)  -> (artifact id: 'f0e299ed83e05e90e47859abe2abb29c') in 0.019016 seconds 
========================================================================
Received Import Request.
  Time since last request: 3.263007 seconds.
  path: Assets/Target/Target9.prefab
  artifactKey: Guid(734fcf57a96919d4e99a5a5352881f7e) Importer(815301076,1909f56bfc062723c751e8b465ee728b)
Start importing Assets/Target/Target9.prefab using Guid(734fcf57a96919d4e99a5a5352881f7e) Importer(815301076,1909f56bfc062723c751e8b465ee728b)  -> (artifact id: 'fdc1f067fc1ac219bd22e976b7983f3c') in 0.022087 seconds 
========================================================================
Received Import Request.
  Time since last request: 7.600305 seconds.
  path: Assets/Target/Target10.prefab
  artifactKey: Guid(c86b8312090476145b206f08839cf81b) Importer(815301076,1909f56bfc062723c751e8b465ee728b)
Start importing Assets/Target/Target10.prefab using Guid(c86b8312090476145b206f08839cf81b) Importer(815301076,1909f56bfc062723c751e8b465ee728b)  -> (artifact id: '44328346e690d06319c69af80bbf9838') in 0.019496 seconds 
========================================================================
Received Import Request.
  Time since last request: 2.372622 seconds.
  path: Assets/Target/Target10.prefab
  artifactKey: Guid(c86b8312090476145b206f08839cf81b) Importer(815301076,1909f56bfc062723c751e8b465ee728b)
Start importing Assets/Target/Target10.prefab using Guid(c86b8312090476145b206f08839cf81b) Importer(815301076,1909f56bfc062723c751e8b465ee728b)  -> (artifact id: '06ecd61d20eae2b49f9e803f58c78641') in 0.023541 seconds 
========================================================================
Received Import Request.
  Time since last request: 3.564495 seconds.
  path: Assets/Target/Target10.prefab
  artifactKey: Guid(c86b8312090476145b206f08839cf81b) Importer(815301076,1909f56bfc062723c751e8b465ee728b)
Start importing Assets/Target/Target10.prefab using Guid(c86b8312090476145b206f08839cf81b) Importer(815301076,1909f56bfc062723c751e8b465ee728b)  -> (artifact id: '1b41e3e983de39d3df99046118bcc9cf') in 0.018407 seconds 
========================================================================
Received Import Request.
  Time since last request: 8.568406 seconds.
  path: Assets/Target/Target11.prefab
  artifactKey: Guid(2b4d832724eb9e042b68aec1786ee1af) Importer(815301076,1909f56bfc062723c751e8b465ee728b)
Start importing Assets/Target/Target11.prefab using Guid(2b4d832724eb9e042b68aec1786ee1af) Importer(815301076,1909f56bfc062723c751e8b465ee728b)  -> (artifact id: '9d7774f7fe3cc9bb6afd323d1b983f65') in 0.019749 seconds 
========================================================================
Received Import Request.
  Time since last request: 3.067261 seconds.
  path: Assets/Target/Target11.prefab
  artifactKey: Guid(2b4d832724eb9e042b68aec1786ee1af) Importer(815301076,1909f56bfc062723c751e8b465ee728b)
Start importing Assets/Target/Target11.prefab using Guid(2b4d832724eb9e042b68aec1786ee1af) Importer(815301076,1909f56bfc062723c751e8b465ee728b)  -> (artifact id: 'ca25505922de6f0c7dacda883986d815') in 0.026965 seconds 
========================================================================
Received Import Request.
  Time since last request: 48.066733 seconds.
  path: Assets/Target/Target12.prefab
  artifactKey: Guid(61ff4d97a8596d2419c56f4ec3ba7139) Importer(815301076,1909f56bfc062723c751e8b465ee728b)
Start importing Assets/Target/Target12.prefab using Guid(61ff4d97a8596d2419c56f4ec3ba7139) Importer(815301076,1909f56bfc062723c751e8b465ee728b)  -> (artifact id: '5870fe55fcbd286204225e3ca3c39af5') in 0.023777 seconds 
========================================================================
Received Import Request.
  Time since last request: 1.362750 seconds.
  path: Assets/Target/Target12.prefab
  artifactKey: Guid(61ff4d97a8596d2419c56f4ec3ba7139) Importer(815301076,1909f56bfc062723c751e8b465ee728b)
Start importing Assets/Target/Target12.prefab using Guid(61ff4d97a8596d2419c56f4ec3ba7139) Importer(815301076,1909f56bfc062723c751e8b465ee728b)  -> (artifact id: '4d83f7111054c67827a80897ffd6143f') in 0.019132 seconds 
========================================================================
Received Import Request.
  Time since last request: 1.018091 seconds.
  path: Assets/Target/Target12.prefab
  artifactKey: Guid(61ff4d97a8596d2419c56f4ec3ba7139) Importer(815301076,1909f56bfc062723c751e8b465ee728b)
Start importing Assets/Target/Target12.prefab using Guid(61ff4d97a8596d2419c56f4ec3ba7139) Importer(815301076,1909f56bfc062723c751e8b465ee728b)  -> (artifact id: '261a9016eac30bceca837e8b4daab633') in 0.018881 seconds 
========================================================================
Received Import Request.
  Time since last request: 16.042148 seconds.
  path: Assets/Target/Target13.prefab
  artifactKey: Guid(c40e773fc4d0ab94b971dabfbeafca02) Importer(815301076,1909f56bfc062723c751e8b465ee728b)
Start importing Assets/Target/Target13.prefab using Guid(c40e773fc4d0ab94b971dabfbeafca02) Importer(815301076,1909f56bfc062723c751e8b465ee728b)  -> (artifact id: 'e65008151228274a8abc3389b345e4c0') in 0.024035 seconds 
========================================================================
Received Import Request.
  Time since last request: 3.508349 seconds.
  path: Assets/Target/Target13.prefab
  artifactKey: Guid(c40e773fc4d0ab94b971dabfbeafca02) Importer(815301076,1909f56bfc062723c751e8b465ee728b)
Start importing Assets/Target/Target13.prefab using Guid(c40e773fc4d0ab94b971dabfbeafca02) Importer(815301076,1909f56bfc062723c751e8b465ee728b)  -> (artifact id: '8ce723d0677775da735944656e0c6c35') in 0.020081 seconds 
========================================================================
Received Import Request.
  Time since last request: 13.110602 seconds.
  path: Assets/Target/Target14.prefab
  artifactKey: Guid(94c92ceef4d8176458e0af695e1d147c) Importer(815301076,1909f56bfc062723c751e8b465ee728b)
Start importing Assets/Target/Target14.prefab using Guid(94c92ceef4d8176458e0af695e1d147c) Importer(815301076,1909f56bfc062723c751e8b465ee728b)  -> (artifact id: '8b767cb8a7193fb8a14f8bb0b7a0e2ff') in 0.018639 seconds 
========================================================================
Received Import Request.
  Time since last request: 3.081538 seconds.
  path: Assets/Target/Target14.prefab
  artifactKey: Guid(94c92ceef4d8176458e0af695e1d147c) Importer(815301076,1909f56bfc062723c751e8b465ee728b)
Start importing Assets/Target/Target14.prefab using Guid(94c92ceef4d8176458e0af695e1d147c) Importer(815301076,1909f56bfc062723c751e8b465ee728b)  -> (artifact id: 'e0965a2fd64fa9d2ac9518c568e174d3') in 0.017525 seconds 
========================================================================
Received Import Request.
  Time since last request: 34.270848 seconds.
  path: Assets/Target/Target15.prefab
  artifactKey: Guid(b8d201f5d94b8df418c1997939de1560) Importer(815301076,1909f56bfc062723c751e8b465ee728b)
Start importing Assets/Target/Target15.prefab using Guid(b8d201f5d94b8df418c1997939de1560) Importer(815301076,1909f56bfc062723c751e8b465ee728b)  -> (artifact id: '00034f77c699398202d89376bd340019') in 0.020493 seconds 
========================================================================
Received Import Request.
  Time since last request: 11.204071 seconds.
  path: Assets/Target/Target16.prefab
  artifactKey: Guid(b9dd1aaec5b4dc44e9c900ed7831b517) Importer(815301076,1909f56bfc062723c751e8b465ee728b)
Start importing Assets/Target/Target16.prefab using Guid(b9dd1aaec5b4dc44e9c900ed7831b517) Importer(815301076,1909f56bfc062723c751e8b465ee728b)  -> (artifact id: 'f83482d8d52cccec5fdceb46a2d0254c') in 0.018541 seconds 
========================================================================
Received Import Request.
  Time since last request: 3.169573 seconds.
  path: Assets/Target/Target16.prefab
  artifactKey: Guid(b9dd1aaec5b4dc44e9c900ed7831b517) Importer(815301076,1909f56bfc062723c751e8b465ee728b)
Start importing Assets/Target/Target16.prefab using Guid(b9dd1aaec5b4dc44e9c900ed7831b517) Importer(815301076,1909f56bfc062723c751e8b465ee728b)  -> (artifact id: 'b052aa1af9ceb0fb0433e6597d504218') in 0.018260 seconds 
========================================================================
Received Import Request.
  Time since last request: 17.778266 seconds.
  path: Assets/Target/Target17.prefab
  artifactKey: Guid(4e2336c451549b948982d87301443521) Importer(815301076,1909f56bfc062723c751e8b465ee728b)
Start importing Assets/Target/Target17.prefab using Guid(4e2336c451549b948982d87301443521) Importer(815301076,1909f56bfc062723c751e8b465ee728b)  -> (artifact id: '8524797c33650d2a60ef747ab95fc521') in 0.016997 seconds 
========================================================================
Received Import Request.
  Time since last request: 1.986984 seconds.
  path: Assets/Target/Target17.prefab
  artifactKey: Guid(4e2336c451549b948982d87301443521) Importer(815301076,1909f56bfc062723c751e8b465ee728b)
Start importing Assets/Target/Target17.prefab using Guid(4e2336c451549b948982d87301443521) Importer(815301076,1909f56bfc062723c751e8b465ee728b)  -> (artifact id: '2d600424d863d496b986c8bb54d708a5') in 0.017254 seconds 
========================================================================
Received Import Request.
  Time since last request: 0.841691 seconds.
  path: Assets/Target/Target17.prefab
  artifactKey: Guid(4e2336c451549b948982d87301443521) Importer(815301076,1909f56bfc062723c751e8b465ee728b)
Start importing Assets/Target/Target17.prefab using Guid(4e2336c451549b948982d87301443521) Importer(815301076,1909f56bfc062723c751e8b465ee728b)  -> (artifact id: '4ea870d581a014a2c7cf3683d5501f8d') in 0.018262 seconds 
========================================================================
Received Import Request.
  Time since last request: 9.605473 seconds.
  path: Assets/Target/Target18.prefab
  artifactKey: Guid(aaa933994a731d140bbca60d2128efdd) Importer(815301076,1909f56bfc062723c751e8b465ee728b)
Start importing Assets/Target/Target18.prefab using Guid(aaa933994a731d140bbca60d2128efdd) Importer(815301076,1909f56bfc062723c751e8b465ee728b)  -> (artifact id: 'a6f254709edd7d679b8f5f14c2b6975e') in 0.021929 seconds 
========================================================================
Received Import Request.
  Time since last request: 2.838305 seconds.
  path: Assets/Target/Target18.prefab
  artifactKey: Guid(aaa933994a731d140bbca60d2128efdd) Importer(815301076,1909f56bfc062723c751e8b465ee728b)
Start importing Assets/Target/Target18.prefab using Guid(aaa933994a731d140bbca60d2128efdd) Importer(815301076,1909f56bfc062723c751e8b465ee728b)  -> (artifact id: '03d8fa1cd296cee5319c524dee966893') in 0.020173 seconds 
========================================================================
Received Import Request.
  Time since last request: 32.769272 seconds.
  path: Assets/Target/Target19.prefab
  artifactKey: Guid(dfc6940fb3696f5498194695d7478ebc) Importer(815301076,1909f56bfc062723c751e8b465ee728b)
Start importing Assets/Target/Target19.prefab using Guid(dfc6940fb3696f5498194695d7478ebc) Importer(815301076,1909f56bfc062723c751e8b465ee728b)  -> (artifact id: 'ea161759fe36bb409f79a23700a4bb78') in 0.020536 seconds 
========================================================================
Received Import Request.
  Time since last request: 1.827430 seconds.
  path: Assets/Target/Target19.prefab
  artifactKey: Guid(dfc6940fb3696f5498194695d7478ebc) Importer(815301076,1909f56bfc062723c751e8b465ee728b)
Start importing Assets/Target/Target19.prefab using Guid(dfc6940fb3696f5498194695d7478ebc) Importer(815301076,1909f56bfc062723c751e8b465ee728b)  -> (artifact id: '9505807b38df56e353a9690ca83fc249') in 0.020515 seconds 
========================================================================
Received Import Request.
  Time since last request: 34.646702 seconds.
  path: Assets/Target/Target20.prefab
  artifactKey: Guid(79d89454c3fa2d74c94db32296bd399c) Importer(815301076,1909f56bfc062723c751e8b465ee728b)
Start importing Assets/Target/Target20.prefab using Guid(79d89454c3fa2d74c94db32296bd399c) Importer(815301076,1909f56bfc062723c751e8b465ee728b)  -> (artifact id: '34095b67ce4df9e036dbd92fff673528') in 0.023290 seconds 
========================================================================
Received Import Request.
  Time since last request: 13.607006 seconds.
  path: Assets/Target/Target20.prefab
  artifactKey: Guid(79d89454c3fa2d74c94db32296bd399c) Importer(815301076,1909f56bfc062723c751e8b465ee728b)
Start importing Assets/Target/Target20.prefab using Guid(79d89454c3fa2d74c94db32296bd399c) Importer(815301076,1909f56bfc062723c751e8b465ee728b)  -> (artifact id: '0be53884b2a7be1e441ff439399fd55d') in 0.016035 seconds 
========================================================================
Received Import Request.
  Time since last request: 3.432372 seconds.
  path: Assets/Target/Target20.prefab
  artifactKey: Guid(79d89454c3fa2d74c94db32296bd399c) Importer(815301076,1909f56bfc062723c751e8b465ee728b)
Start importing Assets/Target/Target20.prefab using Guid(79d89454c3fa2d74c94db32296bd399c) Importer(815301076,1909f56bfc062723c751e8b465ee728b)  -> (artifact id: '9c94e780cec22bca1049127a82a6a2d0') in 0.017551 seconds 
========================================================================
Received Import Request.
  Time since last request: 31.408285 seconds.
  path: Assets/Target/Target21.prefab
  artifactKey: Guid(4086cc224c7480245bc03cc7aadb824a) Importer(815301076,1909f56bfc062723c751e8b465ee728b)
Start importing Assets/Target/Target21.prefab using Guid(4086cc224c7480245bc03cc7aadb824a) Importer(815301076,1909f56bfc062723c751e8b465ee728b)  -> (artifact id: 'b19e4446cd450db9e32e632cfd1b2c5e') in 0.017993 seconds 
========================================================================
Received Import Request.
  Time since last request: 5.328423 seconds.
  path: Assets/Target/Target21.prefab
  artifactKey: Guid(4086cc224c7480245bc03cc7aadb824a) Importer(815301076,1909f56bfc062723c751e8b465ee728b)
Start importing Assets/Target/Target21.prefab using Guid(4086cc224c7480245bc03cc7aadb824a) Importer(815301076,1909f56bfc062723c751e8b465ee728b)  -> (artifact id: '9f4d52cb78c8e9cec941c83473aa6036') in 0.016691 seconds 
========================================================================
Received Import Request.
  Time since last request: 15.924902 seconds.
  path: Assets/Target/Target22.prefab
  artifactKey: Guid(4d192ef97bf912b4c8ed8b6f9262dc56) Importer(815301076,1909f56bfc062723c751e8b465ee728b)
Start importing Assets/Target/Target22.prefab using Guid(4d192ef97bf912b4c8ed8b6f9262dc56) Importer(815301076,1909f56bfc062723c751e8b465ee728b)  -> (artifact id: '82d4cdd9802e2f7256bc68881c05cb74') in 0.018017 seconds 
========================================================================
Received Import Request.
  Time since last request: 1.580512 seconds.
  path: Assets/Target/Target22.prefab
  artifactKey: Guid(4d192ef97bf912b4c8ed8b6f9262dc56) Importer(815301076,1909f56bfc062723c751e8b465ee728b)
Start importing Assets/Target/Target22.prefab using Guid(4d192ef97bf912b4c8ed8b6f9262dc56) Importer(815301076,1909f56bfc062723c751e8b465ee728b)  -> (artifact id: '293009ab0a940411801cb813d34a92dd') in 0.019520 seconds 
========================================================================
Received Import Request.
  Time since last request: 1.557851 seconds.
  path: Assets/Target/Target22.prefab
  artifactKey: Guid(4d192ef97bf912b4c8ed8b6f9262dc56) Importer(815301076,1909f56bfc062723c751e8b465ee728b)
Start importing Assets/Target/Target22.prefab using Guid(4d192ef97bf912b4c8ed8b6f9262dc56) Importer(815301076,1909f56bfc062723c751e8b465ee728b)  -> (artifact id: '93668ec6b9406a175b5a971ca2e0df7b') in 0.016980 seconds 
========================================================================
Received Import Request.
  Time since last request: 11.670867 seconds.
  path: Assets/Target/Target23.prefab
  artifactKey: Guid(9dd50a67655a6154db970968b035a105) Importer(815301076,1909f56bfc062723c751e8b465ee728b)
Start importing Assets/Target/Target23.prefab using Guid(9dd50a67655a6154db970968b035a105) Importer(815301076,1909f56bfc062723c751e8b465ee728b)  -> (artifact id: '2056a7afcdc420c7e6245fa97661d5fb') in 0.020584 seconds 
========================================================================
Received Import Request.
  Time since last request: 3.193932 seconds.
  path: Assets/Target/Target23.prefab
  artifactKey: Guid(9dd50a67655a6154db970968b035a105) Importer(815301076,1909f56bfc062723c751e8b465ee728b)
Start importing Assets/Target/Target23.prefab using Guid(9dd50a67655a6154db970968b035a105) Importer(815301076,1909f56bfc062723c751e8b465ee728b)  -> (artifact id: 'fd7162e38b4bf8718d48bdc5c957222e') in 0.018991 seconds 
========================================================================
Received Import Request.
  Time since last request: 1.481511 seconds.
  path: Assets/Target/Target23.prefab
  artifactKey: Guid(9dd50a67655a6154db970968b035a105) Importer(815301076,1909f56bfc062723c751e8b465ee728b)
Start importing Assets/Target/Target23.prefab using Guid(9dd50a67655a6154db970968b035a105) Importer(815301076,1909f56bfc062723c751e8b465ee728b)  -> (artifact id: '739845adb12d43c56a939943dfc9d234') in 0.022244 seconds 
========================================================================
Received Import Request.
  Time since last request: 7.241564 seconds.
  path: Assets/Target/Target24.prefab
  artifactKey: Guid(05386c571b4a52e4fb4404dcf37f8037) Importer(815301076,1909f56bfc062723c751e8b465ee728b)
Start importing Assets/Target/Target24.prefab using Guid(05386c571b4a52e4fb4404dcf37f8037) Importer(815301076,1909f56bfc062723c751e8b465ee728b)  -> (artifact id: '1f53e317e09d7a8a9ffdfbbaf37aaa48') in 0.022590 seconds 
========================================================================
Received Import Request.
  Time since last request: 5.812695 seconds.
  path: Assets/Target/Target24.prefab
  artifactKey: Guid(05386c571b4a52e4fb4404dcf37f8037) Importer(815301076,1909f56bfc062723c751e8b465ee728b)
Start importing Assets/Target/Target24.prefab using Guid(05386c571b4a52e4fb4404dcf37f8037) Importer(815301076,1909f56bfc062723c751e8b465ee728b)  -> (artifact id: '516a859e0a706d235e12d006bc15fe86') in 0.016731 seconds 
========================================================================
Received Import Request.
  Time since last request: 11.534574 seconds.
  path: Assets/Target/Target25.prefab
  artifactKey: Guid(0bf28f0b82e18f043a40de130010dedc) Importer(815301076,1909f56bfc062723c751e8b465ee728b)
Start importing Assets/Target/Target25.prefab using Guid(0bf28f0b82e18f043a40de130010dedc) Importer(815301076,1909f56bfc062723c751e8b465ee728b)  -> (artifact id: 'b56fb9ad45e0397e016c9165972ddf17') in 0.019566 seconds 
========================================================================
Received Import Request.
  Time since last request: 5.661230 seconds.
  path: Assets/Target/Target25.prefab
  artifactKey: Guid(0bf28f0b82e18f043a40de130010dedc) Importer(815301076,1909f56bfc062723c751e8b465ee728b)
Start importing Assets/Target/Target25.prefab using Guid(0bf28f0b82e18f043a40de130010dedc) Importer(815301076,1909f56bfc062723c751e8b465ee728b)  -> (artifact id: '0c8c561c9cf1d5befc52e108750691f9') in 0.016608 seconds 
========================================================================
Received Import Request.
  Time since last request: 15.353359 seconds.
  path: Assets/Target/Target26.prefab
  artifactKey: Guid(8b72c498f75bafc40bb2fca0ec9237c4) Importer(815301076,1909f56bfc062723c751e8b465ee728b)
Start importing Assets/Target/Target26.prefab using Guid(8b72c498f75bafc40bb2fca0ec9237c4) Importer(815301076,1909f56bfc062723c751e8b465ee728b)  -> (artifact id: 'c9702d51eedfc7df13136ba12b989c2f') in 0.018874 seconds 
========================================================================
Received Import Request.
  Time since last request: 1.981302 seconds.
  path: Assets/Target/Target26.prefab
  artifactKey: Guid(8b72c498f75bafc40bb2fca0ec9237c4) Importer(815301076,1909f56bfc062723c751e8b465ee728b)
Start importing Assets/Target/Target26.prefab using Guid(8b72c498f75bafc40bb2fca0ec9237c4) Importer(815301076,1909f56bfc062723c751e8b465ee728b)  -> (artifact id: 'da6c297b2922d1b18de5600153580c74') in 0.022006 seconds 
========================================================================
Received Import Request.
  Time since last request: 2.458570 seconds.
  path: Assets/Target/Target26.prefab
  artifactKey: Guid(8b72c498f75bafc40bb2fca0ec9237c4) Importer(815301076,1909f56bfc062723c751e8b465ee728b)
Start importing Assets/Target/Target26.prefab using Guid(8b72c498f75bafc40bb2fca0ec9237c4) Importer(815301076,1909f56bfc062723c751e8b465ee728b)  -> (artifact id: 'eac0f0d56784f7f5f97d9de0fd83fca8') in 0.016901 seconds 
========================================================================
Received Import Request.
  Time since last request: 8.283160 seconds.
  path: Assets/Target/Target27.prefab
  artifactKey: Guid(9e96099171ad0504baab62ebb5fe03eb) Importer(815301076,1909f56bfc062723c751e8b465ee728b)
Start importing Assets/Target/Target27.prefab using Guid(9e96099171ad0504baab62ebb5fe03eb) Importer(815301076,1909f56bfc062723c751e8b465ee728b)  -> (artifact id: '7b40eded77f3590656e662546a4c356c') in 0.019381 seconds 
========================================================================
Received Import Request.
  Time since last request: 1.775174 seconds.
  path: Assets/Target/Target27.prefab
  artifactKey: Guid(9e96099171ad0504baab62ebb5fe03eb) Importer(815301076,1909f56bfc062723c751e8b465ee728b)
Start importing Assets/Target/Target27.prefab using Guid(9e96099171ad0504baab62ebb5fe03eb) Importer(815301076,1909f56bfc062723c751e8b465ee728b)  -> (artifact id: '4b0d6f5ca0def90521e82ffa860e6077') in 0.018516 seconds 
========================================================================
Received Import Request.
  Time since last request: 0.775245 seconds.
  path: Assets/Target/Target27.prefab
  artifactKey: Guid(9e96099171ad0504baab62ebb5fe03eb) Importer(815301076,1909f56bfc062723c751e8b465ee728b)
Start importing Assets/Target/Target27.prefab using Guid(9e96099171ad0504baab62ebb5fe03eb) Importer(815301076,1909f56bfc062723c751e8b465ee728b)  -> (artifact id: 'ba482f97c3784e6b9e2484824213376c') in 0.018794 seconds 
========================================================================
Received Import Request.
  Time since last request: 1.125402 seconds.
  path: Assets/Target/Target27.prefab
  artifactKey: Guid(9e96099171ad0504baab62ebb5fe03eb) Importer(815301076,1909f56bfc062723c751e8b465ee728b)
Start importing Assets/Target/Target27.prefab using Guid(9e96099171ad0504baab62ebb5fe03eb) Importer(815301076,1909f56bfc062723c751e8b465ee728b)  -> (artifact id: '95b0196c753cc09d2fa85434eefab739') in 0.016025 seconds 
========================================================================
Received Import Request.
  Time since last request: 11.760026 seconds.
  path: Assets/Target/Target28.prefab
  artifactKey: Guid(84b61904699a1954294167fa2c081a52) Importer(815301076,1909f56bfc062723c751e8b465ee728b)
Start importing Assets/Target/Target28.prefab using Guid(84b61904699a1954294167fa2c081a52) Importer(815301076,1909f56bfc062723c751e8b465ee728b)  -> (artifact id: '3f7a628388fa034aa81bf7b2d8809ac9') in 0.018447 seconds 
========================================================================
Received Import Request.
  Time since last request: 3.022220 seconds.
  path: Assets/Target/Target28.prefab
  artifactKey: Guid(84b61904699a1954294167fa2c081a52) Importer(815301076,1909f56bfc062723c751e8b465ee728b)
Start importing Assets/Target/Target28.prefab using Guid(84b61904699a1954294167fa2c081a52) Importer(815301076,1909f56bfc062723c751e8b465ee728b)  -> (artifact id: 'da26df780f3aad6566384388e778c031') in 0.017055 seconds 
========================================================================
Received Import Request.
  Time since last request: 8.642806 seconds.
  path: Assets/Target/Target29.prefab
  artifactKey: Guid(3038fa9e587c32b40ac623816c9f5474) Importer(815301076,1909f56bfc062723c751e8b465ee728b)
Start importing Assets/Target/Target29.prefab using Guid(3038fa9e587c32b40ac623816c9f5474) Importer(815301076,1909f56bfc062723c751e8b465ee728b)  -> (artifact id: 'ec7f6ec1a873a26672be38b81e91ca8a') in 0.017704 seconds 
========================================================================
Received Import Request.
  Time since last request: 2.578420 seconds.
  path: Assets/Target/Target29.prefab
  artifactKey: Guid(3038fa9e587c32b40ac623816c9f5474) Importer(815301076,1909f56bfc062723c751e8b465ee728b)
Start importing Assets/Target/Target29.prefab using Guid(3038fa9e587c32b40ac623816c9f5474) Importer(815301076,1909f56bfc062723c751e8b465ee728b)  -> (artifact id: '200ebf208279e74bbceadf5db41aaaad') in 0.017064 seconds 
========================================================================
Received Import Request.
  Time since last request: 2.690904 seconds.
  path: Assets/Target/Target29.prefab
  artifactKey: Guid(3038fa9e587c32b40ac623816c9f5474) Importer(815301076,1909f56bfc062723c751e8b465ee728b)
Start importing Assets/Target/Target29.prefab using Guid(3038fa9e587c32b40ac623816c9f5474) Importer(815301076,1909f56bfc062723c751e8b465ee728b)  -> (artifact id: '95e239272b3332b1c3d94fb6b7915aa6') in 0.019549 seconds 
========================================================================
Received Import Request.
  Time since last request: 34.127325 seconds.
  path: Assets/Target/Target30.prefab
  artifactKey: Guid(ab1187336d09e7e4daa5dddcaaff30b0) Importer(815301076,1909f56bfc062723c751e8b465ee728b)
Start importing Assets/Target/Target30.prefab using Guid(ab1187336d09e7e4daa5dddcaaff30b0) Importer(815301076,1909f56bfc062723c751e8b465ee728b)  -> (artifact id: 'd2477f2f11b69aa3d64190b696aa540a') in 0.018537 seconds 
========================================================================
Received Import Request.
  Time since last request: 1.769783 seconds.
  path: Assets/Target/Target30.prefab
  artifactKey: Guid(ab1187336d09e7e4daa5dddcaaff30b0) Importer(815301076,1909f56bfc062723c751e8b465ee728b)
Start importing Assets/Target/Target30.prefab using Guid(ab1187336d09e7e4daa5dddcaaff30b0) Importer(815301076,1909f56bfc062723c751e8b465ee728b)  -> (artifact id: 'b218524129b632d13b5803553e89fbae') in 0.016808 seconds 
========================================================================
Received Prepare
Refreshing native plugins compatible for Editor in 13.25 ms, found 3 plugins.
Preloading 0 native plugins for Editor in 0.00 ms.
Unloading 41 Unused Serialized files (Serialized files now loaded: 0)
Unloading 41 unused Assets / (76.1 KB). Loaded Objects now: 3872.
Memory consumption went from 56.1 MB to 56.1 MB.
Total: 5.984400 ms (FindLiveObjects: 0.408900 ms CreateObjectMapping: 0.401900 ms MarkObjects: 5.050700 ms  DeleteObjects: 0.121700 ms)

AssetImportParameters requested are different than current active one (requested -> active):
  custom:video-decoder-ogg-theora: a1e56fd34408186e4bbccfd4996cb3dc -> 
  custom:container-muxer-webm: aa71ff27fc2769a1b78a27578f13a17b -> 
  custom:container-demuxer-webm: 4f35f7cbe854078d1ac9338744f61a02 -> 
  custom:video-encoder-webm-vp8: eb34c28f22e8b96e1ab97ce403110664 -> 
  custom:video-codec-MediaFoundation-h265: 746d11721c4dcdbdad8f713fa42b33f4 -> 
  custom:audio-encoder-webm-vorbis: bf7c407c2cedff20999df2af8eb42d56 -> 
  custom:framework-win-MediaFoundation: 216162199b28c13a410421893ffa2e32 -> 
  custom:container-demuxer-ogg: 62fdf1f143b41e24485cea50d1cbac27 -> 
  custom:video-decoder-webm-vp8: 9c59270c3fd7afecdb556c50c9e8de78 -> 
  custom:audio-decoder-ogg-vorbis: bf7c407c2cedff20999df2af8eb42d56 -> 
